[2014/7/22 - 2:34:49] AdmWarn: Blade Longwei has created business ID 1.
[2014/7/22 - 2:44:30] AdmWarn: Blade Longwei has created business ID 2.
[2014/7/22 - 2:59:23] AdmWarn: Blade Longwei has created business ID 3.
[2014/7/22 - 3:3:54] AdmWarn: Blade Longwei has created business ID 4.
[2014/7/22 - 3:6:50] AdmWarn: Blade Longwei has created business ID 5.
[2014/7/22 - 3:7:22] AdmWarn: Blade Longwei has created business ID 6.
[2014/7/22 - 3:7:40] Blade Longwei has bought business id 6.
[2014/7/22 - 3:8:51] AdmWarn: Blade Longwei has set business ID 6's level to 1.
[2014/7/22 - 3:8:57] AdmWarn: Blade Longwei has set business ID 6's level to 2.
[2014/7/22 - 3:35:55] AdmWarn: Blade Longwei has set business ID 6's level to 3.
[2014/7/22 - 3:36:6] AdmWarn: Blade Longwei has set business ID 6's level to 5.
[2014/7/22 - 3:36:32] Blade Longwei has sold business id 6 to the market.
[2014/7/22 - 3:37:15] Blade Longwei has bought business id 5.
[2014/7/22 - 3:38:3] Blade Longwei has sold business id 5 to the market.
[2014/7/22 - 3:38:17] AdmWarn: Blade Longwei has set business ID 5's level to 5.
[2014/7/22 - 3:38:22] Blade Longwei has bought business id 5.
[2014/7/22 - 3:38:30] AdmWarn: Blade Longwei has set business ID 5's level to 3.
[2014/7/22 - 3:38:46] Blade Longwei has sold business id 5 to the market.
[2014/7/22 - 4:49:16] Blade Longwei has bought business id 6.
[2014/7/22 - 10:4:53] AdmWarn: Blade Longwei has created business ID 7.
[2014/7/24 - 4:11:35] AdmWarn: Blade Longwei has created business ID 8.
[2014/7/25 - 2:40:56] AdmWarn: Blade Longwei has created business ID 9.
[2014/7/25 - 2:41:52] Blade Longwei has sold business id 6 to the market.
[2014/7/25 - 2:42:19] Blade Longwei has bought business id 9.
[2014/7/25 - 12:6:12] AdmWarn: Blade Longwei has created business ID 10.
[2014/7/25 - 12:6:40] AdmWarn: Blade Longwei has created business ID 11.
[2014/7/25 - 23:22:18] Blade Longwei has sold business id 9 to the market.
[2014/7/26 - 0:15:14] John Hanks has bought business id 9.
[2014/7/26 - 0:15:43] AdmWarn: John Hanks has set business ID 9's level to 5.
[2014/7/29 - 22:56:49] AdmWarn: Blade Longwei has created business ID 12.
[2014/7/29 - 22:57:42] AdmWarn: Blade Longwei has created business ID 13.
[2014/7/29 - 23:1:45] AdmWarn: Blade Longwei has created business ID 14.
[2014/7/29 - 23:3:26] AdmWarn: Blade Longwei has created business ID 15.
