[2014/7/22 - 10:7:3] AdmWarn: Blade Longwei has created garage ID 1.
[2014/7/22 - 10:7:12] Blade Longwei has bought garage id 1.
[2014/7/22 - 10:9:5] AdmWarn: Blade Longwei has deleted Blade_Longwei's garage. (ID 1)
[2014/7/22 - 10:9:37] AdmWarn: Blade Longwei has created garage ID 1.
[2014/7/22 - 10:9:55] AdmWarn: Blade Longwei has deleted garage ID 1.
[2014/7/22 - 10:10:27] AdmWarn: Blade Longwei has created garage ID 1.
[2014/7/22 - 10:11:30] Blade Longwei has bought garage id 1.
[2014/7/22 - 10:12:19] AdmWarn: Blade Longwei has set garage ID 1's level to 2.
[2014/7/22 - 10:13:2] AdmWarn: Blade Longwei has set garage ID 1's level to 4.
[2014/7/22 - 10:13:6] AdmWarn: Blade Longwei has set garage ID 1's level to 1.
[2014/7/22 - 10:13:8] AdmWarn: Blade Longwei has set garage ID 1's level to 2.
[2014/7/22 - 10:13:16] AdmWarn: Blade Longwei has set garage ID 1's level to 1.
[2014/7/22 - 10:14:22] AdmWarn: Blade Longwei has deleted Blade_Longwei's garage. (ID 1)
[2014/7/24 - 8:29:44] AdmWarn: Blade Longwei has created garage ID 1.
[2014/7/24 - 8:30:10] AdmWarn: Blade Longwei has set garage ID 1's price to $0.
[2014/7/24 - 8:30:15] Blade Longwei has bought garage id 1.
[2014/7/24 - 8:31:36] AdmWarn: Blade Longwei has deleted Blade_Longwei's garage. (ID 1)
[2014/7/25 - 23:55:37] AdmWarn: John Hanks has created garage ID 1.
[2014/7/25 - 23:56:23] AdmWarn: John Hanks has set garage ID 1's level to 4.
[2014/7/25 - 23:56:25] AdmWarn: John Hanks has set garage ID 1's level to 5.
[2014/7/25 - 23:56:29] AdmWarn: John Hanks has set garage ID 1's level to 6.
[2014/7/25 - 23:56:43] John Hanks has bought garage id 1.
[2014/7/25 - 23:56:57] AdmWarn: John Hanks has set garage ID 1's level to 3.
[2014/7/25 - 23:57:20] AdmWarn: John Hanks has changed garage ID 1's location.
[2014/7/25 - 23:57:30] AdmWarn: John Hanks has set garage ID 1's level to 1.
[2014/7/25 - 23:57:32] AdmWarn: John Hanks has set garage ID 1's level to 2.
[2014/7/25 - 23:57:37] AdmWarn: John Hanks has set garage ID 1's level to 2.
[2014/7/25 - 23:57:38] AdmWarn: John Hanks has set garage ID 1's level to 4.
[2014/7/25 - 23:57:40] AdmWarn: John Hanks has set garage ID 1's level to 1.
[2014/7/25 - 23:58:49] AdmWarn: John Hanks has deleted John_Hanks's garage. (ID 1)
[2014/7/29 - 7:42:22] AdmWarn: Blade Longwei has created garage ID 1.
[2014/7/29 - 7:42:45] Silas Owens has bought garage id 1.
[2014/7/29 - 7:45:46] AdmWarn: Blade Longwei has deleted Silas_Owens's garage. (ID 1)
