[2014/7/22 - 10:14:35] AdmWarn: Blade Longwei has created house ID 1.
[2014/7/22 - 10:14:56] AdmWarn: Blade Longwei has set house ID 1's level to 2.
[2014/7/22 - 10:14:59] AdmWarn: Blade Longwei has set house ID 1's level to 3.
[2014/7/22 - 10:15:3] AdmWarn: Blade Longwei has set house ID 1's level to 4.
[2014/7/22 - 10:15:6] AdmWarn: Blade Longwei has set house ID 1's level to 5.
[2014/7/22 - 10:15:12] Blade Longwei has bought house id 1.
[2014/7/22 - 10:15:36] AdmWarn: Blade Longwei has set house ID 1's level to 6.
[2014/7/22 - 10:15:57] AdmWarn: Blade Longwei has set house ID 1's level to 7.
[2014/7/22 - 10:16:18] AdmWarn: Blade Longwei has set house ID 1's level to 4.
[2014/7/22 - 10:16:22] AdmWarn: Blade Longwei has set house ID 1's level to 5.
[2014/7/22 - 10:16:42] Blade Longwei has sold house id 1 to the market.
[2014/7/22 - 10:17:15] AdmWarn: Blade Longwei has created house ID 2.
[2014/7/22 - 10:17:21] Blade Longwei has bought house id 2.
[2014/7/22 - 10:17:35] AdmWarn: Blade Longwei has set house ID 2's level to 5.
[2014/7/22 - 10:17:42] AdmWarn: Blade Longwei has set house ID 2's level to 7.
[2014/7/22 - 10:18:10] Blade Longwei has sold house id 2 to the market.
[2014/7/22 - 10:18:34] AdmWarn: Blade Longwei has created house ID 3.
[2014/7/22 - 10:18:47] AdmWarn: Blade Longwei has set house ID 3's level to 8.
[2014/7/22 - 10:18:52] Blade Longwei has bought house id 3.
[2014/7/22 - 10:20:1] Blade Longwei has sold house id 3 to the market.
[2014/7/22 - 10:20:33] AdmWarn: Blade Longwei has set house ID 3's price to $330000.
[2014/7/22 - 10:51:49] AdmWarn: Blade Longwei has created house ID 4.
[2014/7/22 - 10:51:52] Blade Longwei has bought house id 4.
[2014/7/22 - 10:52:5] AdmWarn: Blade Longwei has set house ID 4's level to 7.
[2014/7/22 - 10:52:16] AdmWarn: Blade Longwei has set house ID 4's level to 5.
[2014/7/22 - 10:52:29] AdmWarn: Blade Longwei has set house ID 4's level to 7.
[2014/7/22 - 10:52:39] AdmWarn: Blade Longwei has set house ID 4's level to 9.
[2014/7/22 - 10:52:50] AdmWarn: Blade Longwei has set house ID 4's level to 8.
[2014/7/22 - 10:53:45] Blade Longwei has sold house id 4 to the market.
[2014/7/22 - 10:53:50] AdmWarn: Blade Longwei has set house ID 4's price to $105842.
[2014/7/22 - 10:53:57] Blade Longwei has bought house id 4.
[2014/7/22 - 10:55:2] AdmWarn: Blade Longwei has set house ID 4's level to 8.
[2014/7/25 - 22:38:46] AdmWarn: John Hanks has created house ID 5.
[2014/7/25 - 22:38:53] AdmWarn: John Hanks has deleted house ID 5.
[2014/7/25 - 23:37:52] AdmWarn: Blade Longwei has created house ID 5.
[2014/7/25 - 23:38:20] AdmWarn: Blade Longwei has set house ID 5's level to 1.
[2014/7/25 - 23:38:47] John Hanks has bought house id 5.
[2014/7/25 - 23:39:54] AdmWarn: Blade Longwei has set house ID 5's level to 2.
[2014/7/25 - 23:40:5] AdmWarn: Blade Longwei has set house ID 5's level to 3.
[2014/7/26 - 0:3:23] AdmWarn: John Hanks has changed house ID 5's location.
[2014/7/26 - 0:11:23] AdmWarn: John Hanks has changed house ID 5's location.
[2014/7/26 - 0:13:40] AdmWarn: John Hanks has created house ID 6.
[2014/7/26 - 0:13:50] AdmWarn: John Hanks has set house ID 6's price to $600000.
[2014/7/26 - 0:13:57] AdmWarn: John Hanks has set house ID 6's level to 4.
[2014/7/26 - 0:14:1] AdmWarn: John Hanks has set house ID 6's level to 5.
[2014/7/29 - 7:40:16] Silas Owens has bought house id 6.
[2014/7/29 - 7:41:0] AdmWarn: Blade Longwei has set house ID 6's level to 3.
[2014/7/29 - 7:41:14] AdmWarn: Blade Longwei has set house ID 6's level to 4.
