[2014/7/25 - 12:5:29] ** Server Owner Blade Longwei: Test
[2014/7/25 - 21:49:8] ** Newbie John Hanks: How do I become moderator?
[2014/7/25 - 21:50:4] ** Server Owner Blade Longwei: To apply for moderator, please visit www.intenseroleplay.tk
[2014/7/25 - 21:51:45] ** Server Owner Blade Longwei: Please use /newbie to ask any server related question
[2014/7/25 - 21:52:7] ** Newbie John Hanks: Where abouts brother do i apply for it?
[2014/7/25 - 21:52:25] ** Newbie Diego McGoddex: I am asking if there is any rewards for new players
[2014/7/25 - 21:53:8] ** Server Owner Blade Longwei: Diego, I will only be refunding certain things a new player purchases until a PB is built
[2014/7/25 - 21:53:34] ** Server Owner Blade Longwei: And yes, I am offering 1 free house and car to all new palyers
[2014/7/25 - 21:56:45] ** Newbie Diego McGoddex: btw , this a medium RP ?
[2014/7/25 - 21:57:40] ** Server Owner Blade Longwei: If you would like to call it that. We are definitely not a light rp server, but we understand th
[2014/7/25 - 21:57:58] ** Server Owner Blade Longwei: that some people are more sophistacated than others
[2014/7/25 - 23:48:50] ** Newbie John Hanks: Why am i no admin?
[2014/7/29 - 8:52:2] ** Newbie Munim Zafar: Can i get House and a vehicle and some money please ?
[2014/7/29 - 8:52:30] ** Server Owner Blade Longwei: I will help you with a house and car, but money, you'll have to do
[2014/7/29 - 8:53:9] ** Server Owner Blade Longwei: Also, like I said before, you must have playing time and an application to join anything
[2014/7/29 - 8:53:23] ** Newbie Munim Zafar: What will i get if i invite players ?
[2014/7/29 - 8:53:42] ** Server Owner Blade Longwei: VIP/Donator Status
[2014/7/29 - 8:54:7] ** Newbie Munim Zafar: How many frnds i invite and i get that status ? tp to me and make the house here
[2014/7/29 - 8:58:11] ** Newbie Munim Zafar: Which is the most expensive vehicle here.Car and bike with their price.
[2014/7/29 - 8:58:22] ** Server Scripter Silas Owens: car 120k bike not much
[2014/7/29 - 9:14:32] ** Newbie Munim Zafart: Sorry please unban me i won't do it again.
[2014/7/29 - 9:15:15] ** Newbie Munim Zafart: Sorry please unban me i won't do it again.
[2014/7/29 - 9:15:58] ** Newbie Munim Zafart: Sorry please unban me i won't do it again.Unban my acc Munim_Zafar
