[2014/7/25 - 21:48:59] Report from [1] Diego McGoddex: Hello , is there any refunds ?
[2014/7/25 - 21:49:32] Report from [2] John Hanks: It is me Jimbo Hey man!
[2014/7/25 - 21:49:59] Report from [2] John Hanks: I can not /pm :(
[2014/7/25 - 21:50:33] Report from [1] Diego McGoddex: i mean Because it's a new server so ... there is no refunds ? 
[2014/7/25 - 21:50:44] Report from [2] John Hanks: No Mod for me :P I will apply then ahahah
[2014/7/25 - 21:53:54] Report from [1] Diego McGoddex: how can i pm you ?
[2014/7/25 - 21:54:41] Report from [2] John Hanks: Where abouts do I apply on the forums? There is no sub forum part for mod apps?
[2014/7/25 - 21:55:16] Report from [1] Diego McGoddex: Ok , because i advice you to add near the server name [Refunding] to make players join the serv
[2014/7/29 - 8:21:53] Report from [2] Munim Zafar: no money ?
[2014/7/29 - 8:22:27] Report from [2] Munim Zafar: i can help in server scripting and i can invite players can i get admin ?
[2014/7/29 - 8:22:54] Report from [2] Munim Zafar: i can help in server scripting and i can invite players can i get admin ?
[2014/7/29 - 8:26:27] Report from [0] Silas Owens: /report
[2014/7/29 - 8:28:35] Report from [2] Munim Zafar: i made app on forum for admin.
[2014/7/29 - 8:29:11] Report from [2] Munim Zafar: i made app on forum for admin.Please review it
[2014/7/29 - 8:34:33] Report from [2] Munim Zafar: Blade i made an admin appon forum.Please check it.
[2014/7/29 - 8:35:46] Report from [2] Munim Zafar: i will be active
[2014/7/29 - 8:36:25] Report from [2] Munim Zafar: Blade can you please check the app as soon as possible ?
[2014/7/29 - 8:49:30] Report from [2] Munim Zafar: let's have a dm event ?
[2014/7/29 - 8:51:30] Report from [2] Munim Zafar: Can i get Hosue and a vehicle and some money please ?
[2014/7/29 - 8:52:13] Report from [2] Munim Zafar: can you make me a helper ?
[2014/7/29 - 9:14:21] Report from [1] Munim Zafart: Sorry please unban me i won't do it again./report Sorry please unban me i won't do it again.
[2014/7/29 - 9:15:18] Report from [1] Munim Zafart: Sorry please unban me i won't do it again./report Sorry please unban me i won't do it again.
